<?xml version="1.0" encoding="UTF-8"?>
<testsuite xmlns:xsi="http://www.w3.org/2001/XMLSchema-instance" xsi:noNamespaceSchemaLocation="https://maven.apache.org/surefire/maven-surefire-plugin/xsd/surefire-test-report-3.0.xsd" version="3.0" name="org.review.review_service.Microservice4ApplicationTests" time="7.52" tests="1" errors="0" skipped="0" failures="0">
  <properties>
[...]
</properties>
  <testcase name="contextLoads" classname="org.review.review_service.Microservice4ApplicationTests" time="0.98">
    <system-out><![CDATA[15:40:11.300 [main] INFO org.springframework.test.context.support.AnnotationConfigContextLoaderUtils -- Could not detect default configuration classes for test class [org.review.review_service.Microservice4ApplicationTests]: Microservice4ApplicationTests does not declare any static, non-private, non-final, nested classes annotated with @Configuration.
15:40:11.437 [main] INFO org.springframework.boot.test.context.SpringBootTestContextBootstrapper -- Found @SpringBootConfiguration org.review.review_service.Microservice4Application for test class org.review.review_service.Microservice4ApplicationTests

  .   ____          _            __ _ _
 /\\ / ___'_ __ _ _(_)_ __  __ _ \ \ \ \
( ( )\___ | '_ | '_| | '_ \/ _` | \ \ \ \
 \\/  ___)| |_)| | | | | || (_| |  ) ) ) )
  '  |____| .__|_| |_|_| |_\__, | / / / /
 =========|_|==============|___/=/_/_/_/

 :: Spring Boot ::                (v3.3.5)

2024-12-05T15:40:11.971+05:30  INFO 12680 --- [microservice_4] [           main] o.r.r.Microservice4ApplicationTests      : Starting Microservice4ApplicationTests using Java 17.0.12 with PID 12680 (started by udith in D:\github\health-sync-2.0\backend\microservice_4)
2024-12-05T15:40:11.979+05:30  INFO 12680 --- [microservice_4] [           main] o.r.r.Microservice4ApplicationTests      : No active profile set, falling back to 1 default profile: "default"
2024-12-05T15:40:13.036+05:30  INFO 12680 --- [microservice_4] [           main] .s.d.r.c.RepositoryConfigurationDelegate : Bootstrapping Spring Data JPA repositories in DEFAULT mode.
2024-12-05T15:40:13.081+05:30  INFO 12680 --- [microservice_4] [           main] .s.d.r.c.RepositoryConfigurationDelegate : Finished Spring Data repository scanning in 23 ms. Found 0 JPA repository interfaces.
2024-12-05T15:40:13.845+05:30  INFO 12680 --- [microservice_4] [           main] o.hibernate.jpa.internal.util.LogHelper  : HHH000204: Processing PersistenceUnitInfo [name: default]
2024-12-05T15:40:13.909+05:30  INFO 12680 --- [microservice_4] [           main] org.hibernate.Version                    : HHH000412: Hibernate ORM core version 6.5.3.Final
2024-12-05T15:40:13.965+05:30  INFO 12680 --- [microservice_4] [           main] o.h.c.internal.RegionFactoryInitiator    : HHH000026: Second-level cache disabled
2024-12-05T15:40:14.622+05:30  INFO 12680 --- [microservice_4] [           main] o.s.o.j.p.SpringPersistenceUnitInfo      : No LoadTimeWeaver setup: ignoring JPA class transformer
2024-12-05T15:40:14.687+05:30  INFO 12680 --- [microservice_4] [           main] com.zaxxer.hikari.HikariDataSource       : HikariPool-1 - Starting...
2024-12-05T15:40:15.391+05:30  INFO 12680 --- [microservice_4] [           main] com.zaxxer.hikari.pool.HikariPool        : HikariPool-1 - Added connection com.mysql.cj.jdbc.ConnectionImpl@4a9bce99
2024-12-05T15:40:15.395+05:30  INFO 12680 --- [microservice_4] [           main] com.zaxxer.hikari.HikariDataSource       : HikariPool-1 - Start completed.
2024-12-05T15:40:15.547+05:30  WARN 12680 --- [microservice_4] [           main] org.hibernate.dialect.Dialect            : HHH000511: The 5.7.44 version for [org.hibernate.dialect.MySQLDialect] is no longer supported, hence certain features may not work properly. The minimum supported version is 8.0.0. Check the community dialects project for available legacy versions.
2024-12-05T15:40:16.406+05:30  INFO 12680 --- [microservice_4] [           main] o.h.e.t.j.p.i.JtaPlatformInitiator       : HHH000489: No JTA platform available (set 'hibernate.transaction.jta.platform' to enable JTA platform integration)
2024-12-05T15:40:16.416+05:30  INFO 12680 --- [microservice_4] [           main] j.LocalContainerEntityManagerFactoryBean : Initialized JPA EntityManagerFactory for persistence unit 'default'
2024-12-05T15:40:16.756+05:30  WARN 12680 --- [microservice_4] [           main] JpaBaseConfiguration$JpaWebConfiguration : spring.jpa.open-in-view is enabled by default. Therefore, database queries may be performed during view rendering. Explicitly configure spring.jpa.open-in-view to disable this warning
2024-12-05T15:40:17.556+05:30  INFO 12680 --- [microservice_4] [           main] o.r.r.Microservice4ApplicationTests      : Started Microservice4ApplicationTests in 5.909 seconds (process running for 7.586)
]]></system-out>
  </testcase>
</testsuite>